native/android/app/build/intermediates/manifest_merge_blame_file/release/processReleaseMainManifest/manifest-merger-blame-release-report.txt
1<?xml version="1.0" encoding="utf-8"?>
2<manifest xmlns:android="http://schemas.android.com/apk/res/android"
3    package="labs.dynogator.dslvzpdi"
4    android:versionCode="590"
5    android:versionName="5.9.0" >
6
7    <uses-sdk
8        android:minSdkVersion="29"
9        android:targetSdkVersion="34" />
10
11    <uses-permission android:name="android.permission.INTERNET" />
11-->src/main/AndroidManifest.xml:4:5-67
11-->src/main/AndroidManifest.xml:4:22-64
12    <uses-permission android:name="android.permission.ACCESS_NETWORK_STATE" />
12-->src/main/AndroidManifest.xml:5:5-79
12-->src/main/AndroidManifest.xml:5:22-76
13    <uses-permission android:name="android.permission.ACCESS_WIFI_STATE" />
13-->src/main/AndroidManifest.xml:6:5-76
13-->src/main/AndroidManifest.xml:6:22-73
14    <uses-permission android:name="android.permission.ACCESS_FINE_LOCATION" />
14-->src/main/AndroidManifest.xml:7:5-79
14-->src/main/AndroidManifest.xml:7:22-76
15    <uses-permission android:name="android.permission.ACCESS_COARSE_LOCATION" />
15-->src/main/AndroidManifest.xml:8:5-81
15-->src/main/AndroidManifest.xml:8:22-78
16    <uses-permission android:name="android.permission.WAKE_LOCK" />
16-->src/main/AndroidManifest.xml:9:5-68
16-->src/main/AndroidManifest.xml:9:22-65
17    <uses-permission android:name="com.termux.permission.RUN_COMMAND" />
17-->src/main/AndroidManifest.xml:10:5-73
17-->src/main/AndroidManifest.xml:10:22-70
18
19    <queries>
19-->src/main/AndroidManifest.xml:12:5-18:15
20        <package android:name="com.termux" />
20-->src/main/AndroidManifest.xml:13:9-46
20-->src/main/AndroidManifest.xml:13:18-43
21        <package android:name="com.termux.api" />
21-->src/main/AndroidManifest.xml:14:9-50
21-->src/main/AndroidManifest.xml:14:18-47
22
23        <intent>
23-->src/main/AndroidManifest.xml:15:9-17:18
24            <action android:name="com.termux.RUN_COMMAND" />
24-->src/main/AndroidManifest.xml:16:13-61
24-->src/main/AndroidManifest.xml:16:21-58
25        </intent>
26    </queries>
27
28    <uses-feature
28-->src/main/AndroidManifest.xml:20:5-87
29        android:name="android.hardware.usb.host"
29-->src/main/AndroidManifest.xml:20:19-59
30        android:required="false" />
30-->src/main/AndroidManifest.xml:20:60-84
31    <uses-feature
31-->src/main/AndroidManifest.xml:21:5-91
32        android:name="android.hardware.location.gps"
32-->src/main/AndroidManifest.xml:21:19-63
33        android:required="false" />
33-->src/main/AndroidManifest.xml:21:64-88
34    <uses-feature
34-->src/main/AndroidManifest.xml:22:5-83
35        android:name="android.hardware.wifi"
35-->src/main/AndroidManifest.xml:22:19-55
36        android:required="false" />
36-->src/main/AndroidManifest.xml:22:56-80
37    <uses-feature
37-->src/main/AndroidManifest.xml:23:5-90
38        android:name="android.hardware.touchscreen"
38-->src/main/AndroidManifest.xml:23:19-62
39        android:required="false" />
39-->src/main/AndroidManifest.xml:23:63-87
40    <uses-feature
40-->src/main/AndroidManifest.xml:24:5-99
41        android:name="android.hardware.sensor.accelerometer"
41-->src/main/AndroidManifest.xml:24:19-71
42        android:required="false" />
42-->src/main/AndroidManifest.xml:24:72-96
43    <uses-feature
43-->src/main/AndroidManifest.xml:25:5-93
44        android:name="android.hardware.sensor.compass"
44-->src/main/AndroidManifest.xml:25:19-65
45        android:required="false" />
45-->src/main/AndroidManifest.xml:25:66-90
46    <uses-feature
46-->src/main/AndroidManifest.xml:26:5-95
47        android:name="android.hardware.sensor.gyroscope"
47-->src/main/AndroidManifest.xml:26:19-67
48        android:required="false" />
48-->src/main/AndroidManifest.xml:26:68-92
49
50    <application
50-->src/main/AndroidManifest.xml:28:5-74:19
51        android:name="labs.dynogator.dslvzpdi.DslvApp"
51-->src/main/AndroidManifest.xml:33:9-32
52        android:allowBackup="false"
52-->src/main/AndroidManifest.xml:29:9-36
53        android:extractNativeLibs="false"
54        android:hardwareAccelerated="true"
54-->src/main/AndroidManifest.xml:38:9-43
55        android:icon="@mipmap/ic_launcher"
55-->src/main/AndroidManifest.xml:30:9-43
56        android:label="@string/app_name"
56-->src/main/AndroidManifest.xml:32:9-41
57        android:networkSecurityConfig="@xml/network_security_config"
57-->src/main/AndroidManifest.xml:34:9-69
58        android:resizeableActivity="true"
58-->src/main/AndroidManifest.xml:39:9-42
59        android:roundIcon="@mipmap/ic_launcher_round"
59-->src/main/AndroidManifest.xml:31:9-54
60        android:supportsRtl="true"
60-->src/main/AndroidManifest.xml:35:9-35
61        android:theme="@style/Theme.Dslv"
61-->src/main/AndroidManifest.xml:36:9-42
62        android:usesCleartextTraffic="true" >
62-->src/main/AndroidManifest.xml:37:9-44
63        <activity
63-->src/main/AndroidManifest.xml:40:9-67:20
64            android:name="labs.dynogator.dslvzpdi.MainActivity"
64-->src/main/AndroidManifest.xml:41:13-41
65            android:configChanges="orientation|screenSize|screenLayout|keyboardHidden|uiMode|smallestScreenSize"
65-->src/main/AndroidManifest.xml:43:13-113
66            android:exported="true"
66-->src/main/AndroidManifest.xml:42:13-36
67            android:launchMode="singleTask"
67-->src/main/AndroidManifest.xml:44:13-44
68            android:theme="@style/Theme.Dslv"
68-->src/main/AndroidManifest.xml:46:13-46
69            android:windowSoftInputMode="adjustResize" >
69-->src/main/AndroidManifest.xml:45:13-55
70            <intent-filter>
70-->src/main/AndroidManifest.xml:47:13-50:29
71                <action android:name="android.intent.action.MAIN" />
71-->src/main/AndroidManifest.xml:48:17-69
71-->src/main/AndroidManifest.xml:48:25-66
72
73                <category android:name="android.intent.category.LAUNCHER" />
73-->src/main/AndroidManifest.xml:49:17-77
73-->src/main/AndroidManifest.xml:49:27-74
74            </intent-filter>
75            <intent-filter>
75-->src/main/AndroidManifest.xml:51:13-53:29
76                <action android:name="android.hardware.usb.action.USB_DEVICE_ATTACHED" />
76-->src/main/AndroidManifest.xml:52:17-90
76-->src/main/AndroidManifest.xml:52:25-87
77            </intent-filter>
78            <intent-filter>
78-->src/main/AndroidManifest.xml:54:13-57:29
79                <action android:name="labs.dynogator.dslvzpdi.CLI" />
79-->src/main/AndroidManifest.xml:55:17-70
79-->src/main/AndroidManifest.xml:55:25-67
80
81                <category android:name="android.intent.category.DEFAULT" />
81-->src/main/AndroidManifest.xml:56:17-76
81-->src/main/AndroidManifest.xml:56:27-73
82            </intent-filter>
83            <intent-filter>
83-->src/main/AndroidManifest.xml:58:13-63:29
84                <action android:name="android.intent.action.VIEW" />
84-->src/main/AndroidManifest.xml:59:17-69
84-->src/main/AndroidManifest.xml:59:25-66
85
86                <category android:name="android.intent.category.DEFAULT" />
86-->src/main/AndroidManifest.xml:56:17-76
86-->src/main/AndroidManifest.xml:56:27-73
87                <category android:name="android.intent.category.BROWSABLE" />
87-->src/main/AndroidManifest.xml:61:17-78
87-->src/main/AndroidManifest.xml:61:27-75
88
89                <data android:scheme="dslv" />
89-->src/main/AndroidManifest.xml:62:17-47
89-->src/main/AndroidManifest.xml:62:23-44
90            </intent-filter>
91
92            <meta-data
92-->src/main/AndroidManifest.xml:64:13-66:61
93                android:name="android.hardware.usb.action.USB_DEVICE_ATTACHED"
93-->src/main/AndroidManifest.xml:65:17-79
94                android:resource="@xml/usb_device_filter" />
94-->src/main/AndroidManifest.xml:66:17-58
95        </activity>
96
97        <provider
97-->src/main/AndroidManifest.xml:69:9-73:51
98            android:name="labs.dynogator.dslvzpdi.DslvCliProvider"
98-->src/main/AndroidManifest.xml:70:13-44
99            android:authorities="labs.dynogator.dslvzpdi.cli"
99-->src/main/AndroidManifest.xml:71:13-62
100            android:exported="true"
100-->src/main/AndroidManifest.xml:72:13-36
101            android:grantUriPermissions="false" />
101-->src/main/AndroidManifest.xml:73:13-48
102    </application>
103
104</manifest>